Arguments: 
  /usr/local/bin/node /usr/local/Cellar/yarn/1.22.0/libexec/bin/yarn.js add install @moment

PATH: 
  /usr/local/opt/openssl/bin:/Library/Frameworks/Python.framework/Versions/3.7/bin:/Library/Frameworks/Python.framework/Versions/2.7/bin:/usr/local/bin:/usr/bin:/bin:/usr/sbin:/sbin:/usr/local/opt/openssl/bin:/Library/Frameworks/Python.framework/Versions/3.7/bin:/Library/Frameworks/Python.framework/Versions/2.7/bin:/Users/mdchiari/Developer/flutter/bin:/Users/mdchiari/Developer/flutter/bin

Yarn version: 
  1.22.0

Node version: 
  12.16.1

Platform: 
  darwin x64

Trace: 
  Error: https://registry.yarnpkg.com/@moment: Request "https://registry.yarnpkg.com/@moment" returned a 405
      at Request.params.callback [as _callback] (/usr/local/Cellar/yarn/1.22.0/libexec/lib/cli.js:66984:18)
      at Request.self.callback (/usr/local/Cellar/yarn/1.22.0/libexec/lib/cli.js:140727:22)
      at Request.emit (events.js:311:20)
      at Request.<anonymous> (/usr/local/Cellar/yarn/1.22.0/libexec/lib/cli.js:141699:10)
      at Request.emit (events.js:311:20)
      at IncomingMessage.<anonymous> (/usr/local/Cellar/yarn/1.22.0/libexec/lib/cli.js:141621:12)
      at Object.onceWrapper (events.js:417:28)
      at IncomingMessage.emit (events.js:323:22)
      at endReadableNT (_stream_readable.js:1204:12)
      at processTicksAndRejections (internal/process/task_queues.js:84:21)

npm manifest: 
  No manifest

yarn manifest: 
  No manifest

Lockfile: 
  No lockfile
